<?xml version="1.0" encoding="UTF-8"?>
<testsuite name="com.user.MoodAnalyserTest" tests="1" skipped="0" failures="0" errors="0" timestamp="2019-11-26T06:40:40" hostname="admin1-desktop" time="0.003">
  <properties/>
  <testcase name="for_NullMessage_Should_Returnhappy" classname="com.user.MoodAnalyserTest" time="0.003"/>
  <system-out><![CDATA[]]></system-out>
  <system-err><![CDATA[]]></system-err>
</testsuite>
