<?xml version="1.0" encoding="UTF-8"?>
<testsuite name="com.user.MoodAnalyserTest" tests="1" skipped="0" failures="0" errors="0" timestamp="2019-11-26T13:45:57" hostname="admin1-desktop" time="0.002">
  <properties/>
  <testcase name="givenClassName_whenImproperConstructor_shouldThrowException" classname="com.user.MoodAnalyserTest" time="0.002"/>
  <system-out><![CDATA[]]></system-out>
  <system-err><![CDATA[]]></system-err>
</testsuite>
